     1                                  BOOT_LOAD equ 0x7c00            ; load to start boot program position.
     2                                  
     3                                  ORG BOOT_LOAD                   ; instruction load addres to assembler.
     4                                  
     5                                  entry:
     6 00000000 EB58                        jmp ipl
     7 00000002 90<rept>                    times 90 - ($ - $$) db 0x90
     8                                  
     9                                  ipl:
    10 0000005A FA                          cli                         ; disable interrupt.
    11                                      
    12 0000005B B80000                      mov ax, 0x0000              ; ax=0x0000
    13 0000005E 8ED8                        mov ds, ax                  ; ds=0x0000
    14 00000060 8EC0                        mov es, ax                  ; es=0x0000
    15 00000062 8ED0                        mov ss, ax                  ; ss=0x0000
    16 00000064 BC007C                      mov sp, BOOT_LOAD           ; sp=0x7c00
    17                                  
    18 00000067 FB                          sti                         ; enable interrupt.
    19                                  
    20 00000068 8816[7800]                  mov [BOOT.DRIVE], dl        ; Saving BootDrive.
    21                                  
    22 0000006C B041                        mov al, 'A'
    23 0000006E B40E                        mov ah, 0x0E
    24 00000070 BB0000                      mov bx, 0x0000
    25                                  
    26 00000073 CD10                        int 0x10
    27                                      
    28 00000075 EBFE                        jmp $
    29                                  
    30 00000077 00                      ALIGN 2, db 0
    31                                  BOOT:                           ; infomation BootDrive.
    32 00000078 0000                    .DRIVE  dw 0                    ; drive number.
    33                                  
    34 0000007A 00<rept>                    times 510 - ($ - $$) db 0x00
    35 000001FE 55AA                        db 0x55, 0xAA
