     1                                  BOOT_LOAD equ 0x7c00            ; load to start boot program position.
     2                                  
     3                                  ORG BOOT_LOAD                   ; instruction load addres to assembler.
     4                                  
     5                                  entry:
     6 00000000 EB58                        jmp ipl
     7 00000002 90<rept>                    times 90 - ($ - $$) db 0x90
     8                                  
     9                                  ipl:
    10 0000005A FA                          cli                         ; disable interrupt.
    11                                      
    12 0000005B B80000                      mov ax, 0x0000              ; ax=0x0000
    13 0000005E 8ED8                        mov ds, ax                  ; ds=0x0000
    14 00000060 8EC0                        mov es, ax                  ; es=0x0000
    15 00000062 8ED0                        mov ss, ax                  ; ss=0x0000
    16 00000064 BC007C                      mov sp, BOOT_LOAD           ; sp=0x7c00
    17                                  
    18 00000067 FB                          sti                         ; enable interrupt.
    19                                  
    20 00000068 8816[6E00]                  mov [BOOT.DRIVE], dl        ; Saving BootDrive.
    21                                  
    22 0000006C EBFE                        jmp $
    23                                  
    24                                  ALIGN 2, db 0
    25                                  BOOT:                           ; infomation BootDrive.
    26 0000006E 0000                    .DRIVE  dw 0                    ; drive number.
    27                                  
    28 00000070 00<rept>                    times 510 - ($ - $$) db 0x00
    29 000001FE 55AA                        db 0x55, 0xAA
